2022-12-08 20:32:43,163  INFO [main] - Connected to P8 Domain ICM532
2022-12-08 20:32:43,179  INFO [main] - Start submitting 10 batches
2022-12-08 20:32:43,239  INFO [pool-1-thread-1] - waiting,batch_import_002/batch_aa,Tue Nov 01 00:15:00 CST 2022
2022-12-08 20:32:43,249  INFO [pool-1-thread-2] - waiting,batch_import_002/batch_ab,Tue Nov 01 00:15:00 CST 2022
2022-12-08 20:32:43,261  INFO [pool-1-thread-3] - waiting,batch_import_002/batch_ac,Tue Nov 01 00:15:00 CST 2022
2022-12-08 20:32:43,275  INFO [pool-1-thread-4] - waiting,batch_import_002/batch_ad,Tue Nov 01 00:15:00 CST 2022
2022-12-08 20:32:43,289  INFO [pool-1-thread-5] - waiting,batch_import_002/batch_ae,Tue Nov 01 00:15:00 CST 2022
2022-12-08 20:32:43,299  INFO [pool-1-thread-6] - waiting,batch_import_002/batch_af,Tue Nov 01 00:15:00 CST 2022
2022-12-08 20:32:43,309  INFO [pool-1-thread-7] - waiting,batch_import_002/batch_ag,Tue Nov 01 00:15:00 CST 2022
2022-12-08 20:32:43,318  INFO [pool-1-thread-8] - waiting,batch_import_002/batch_ah,Tue Nov 01 00:15:00 CST 2022
2022-12-08 20:32:43,327  INFO [pool-1-thread-9] - waiting,batch_import_002/batch_ai,Tue Nov 01 00:15:00 CST 2022
2022-12-08 20:32:43,335  INFO [pool-1-thread-10] - waiting,batch_import_002/batch_aj,Tue Nov 01 00:15:00 CST 2022
2022-12-08 20:32:44,400  INFO [pool-1-thread-7] - starting,batch_import_002/batch_ag
2022-12-08 20:32:44,401  INFO [pool-1-thread-5] - starting,batch_import_002/batch_ae
2022-12-08 20:32:44,400  INFO [pool-1-thread-10] - starting,batch_import_002/batch_aj
2022-12-08 20:32:44,400  INFO [pool-1-thread-9] - starting,batch_import_002/batch_ai
2022-12-08 20:32:44,400  INFO [pool-1-thread-1] - starting,batch_import_002/batch_aa
2022-12-08 20:32:44,400  INFO [pool-1-thread-2] - starting,batch_import_002/batch_ab
2022-12-08 20:32:44,400  INFO [pool-1-thread-4] - starting,batch_import_002/batch_ad
2022-12-08 20:32:44,401  INFO [pool-1-thread-6] - starting,batch_import_002/batch_af
2022-12-08 20:32:44,401  INFO [pool-1-thread-8] - starting,batch_import_002/batch_ah
2022-12-08 20:32:44,401  INFO [pool-1-thread-3] - starting,batch_import_002/batch_ac
2022-12-08 20:57:38,209  INFO [pool-1-thread-10] - finished,batch_import_002/batch_aj
2022-12-08 21:15:04,983  INFO [pool-1-thread-6] - finished,batch_import_002/batch_af
2022-12-08 21:15:07,845  INFO [pool-1-thread-8] - finished,batch_import_002/batch_ah
2022-12-08 21:15:10,181  INFO [pool-1-thread-1] - finished,batch_import_002/batch_aa
2022-12-08 21:15:34,053  INFO [pool-1-thread-7] - finished,batch_import_002/batch_ag
2022-12-08 21:15:43,397  INFO [pool-1-thread-2] - finished,batch_import_002/batch_ab
2022-12-08 21:16:09,167  INFO [pool-1-thread-9] - finished,batch_import_002/batch_ai
2022-12-08 21:16:20,312  INFO [pool-1-thread-5] - finished,batch_import_002/batch_ae
2022-12-08 21:40:03,108  INFO [pool-1-thread-3] - finished,batch_import_002/batch_ac
2022-12-08 22:07:44,859  INFO [pool-1-thread-4] - finished,batch_import_002/batch_ad
2022-12-08 22:07:44,971  INFO [main] - All batches finished
